<?xml version="1.0" encoding="UTF-8"?>
<testsuite xmlns:xsi="http://www.w3.org/2001/XMLSchema-instance" xsi:noNamespaceSchemaLocation="https://maven.apache.org/surefire/maven-surefire-plugin/xsd/surefire-test-report.xsd" name="TestSuite" time="27.858" tests="6" errors="0" skipped="0" failures="1">
  <properties>
    <property name="java.specification.version" value="15"/>
    <property name="sun.jnu.encoding" value="UTF-8"/>
    <property name="java.class.path" value="/Users/liozelinger/Documents/Final project/target/test-classes:/Users/liozelinger/Documents/Final project/target/classes:/Users/liozelinger/.m2/repository/org/testng/testng/7.0.0/testng-7.0.0.jar:/Users/liozelinger/.m2/repository/com/beust/jcommander/1.72/jcommander-1.72.jar:/Users/liozelinger/.m2/repository/io/github/bonigarcia/webdrivermanager/4.2.2/webdrivermanager-4.2.2.jar:/Users/liozelinger/.m2/repository/org/slf4j/slf4j-api/1.7.30/slf4j-api-1.7.30.jar:/Users/liozelinger/.m2/repository/commons-io/commons-io/2.8.0/commons-io-2.8.0.jar:/Users/liozelinger/.m2/repository/com/google/code/gson/gson/2.8.6/gson-2.8.6.jar:/Users/liozelinger/.m2/repository/org/apache/commons/commons-lang3/3.11/commons-lang3-3.11.jar:/Users/liozelinger/.m2/repository/org/apache/httpcomponents/client5/httpclient5/5.0.1/httpclient5-5.0.1.jar:/Users/liozelinger/.m2/repository/org/apache/httpcomponents/core5/httpcore5/5.0.1/httpcore5-5.0.1.jar:/Users/liozelinger/.m2/repository/org/apache/httpcomponents/core5/httpcore5-h2/5.0.1/httpcore5-h2-5.0.1.jar:/Users/liozelinger/.m2/repository/commons-codec/commons-codec/1.13/commons-codec-1.13.jar:/Users/liozelinger/.m2/repository/org/rauschig/jarchivelib/1.1.0/jarchivelib-1.1.0.jar:/Users/liozelinger/.m2/repository/org/apache/commons/commons-compress/1.20/commons-compress-1.20.jar:/Users/liozelinger/.m2/repository/org/jsoup/jsoup/1.13.1/jsoup-1.13.1.jar:/Users/liozelinger/.m2/repository/io/qameta/allure/allure-testng/2.13.8/allure-testng-2.13.8.jar:/Users/liozelinger/.m2/repository/io/qameta/allure/allure-java-commons/2.13.8/allure-java-commons-2.13.8.jar:/Users/liozelinger/.m2/repository/io/qameta/allure/allure-model/2.13.8/allure-model-2.13.8.jar:/Users/liozelinger/.m2/repository/com/fasterxml/jackson/core/jackson-databind/2.11.3/jackson-databind-2.11.3.jar:/Users/liozelinger/.m2/repository/com/fasterxml/jackson/core/jackson-annotations/2.11.3/jackson-annotations-2.11.3.jar:/Users/liozelinger/.m2/repository/com/fasterxml/jackson/core/jackson-core/2.11.3/jackson-core-2.11.3.jar:/Users/liozelinger/.m2/repository/org/apache/tika/tika-core/1.24.1/tika-core-1.24.1.jar:/Users/liozelinger/.m2/repository/org/jooq/joor-java-8/0.9.13/joor-java-8-0.9.13.jar:/Users/liozelinger/.m2/repository/org/aspectj/aspectjweaver/1.9.2/aspectjweaver-1.9.2.jar:/Users/liozelinger/.m2/repository/sikulix/sikulix-api/2.0.4/sikulix-api-2.0.4.jar:/Users/liozelinger/.m2/repository/com/github/stephenc/monte/monte-screen-recorder/0.7.7.0/monte-screen-recorder-0.7.7.0.jar:/Users/liozelinger/.m2/repository/com/experitest/appium/4.1.2/appium-4.1.2.jar:/Users/liozelinger/.m2/repository/com/experitest/aspectjweaver/1.8.9/aspectjweaver-1.8.9.jar:/Users/liozelinger/.m2/repository/com/experitest/boon/0.33/boon-0.33.jar:/Users/liozelinger/.m2/repository/com/experitest/cglib-nodep/3.2.4/cglib-nodep-3.2.4.jar:/Users/liozelinger/.m2/repository/com/experitest/commons-beanutils/1.9.2/commons-beanutils-1.9.2.jar:/Users/liozelinger/.m2/repository/com/experitest/commons-codec/1.10/commons-codec-1.10.jar:/Users/liozelinger/.m2/repository/com/experitest/commons-collections/3.2.2/commons-collections-3.2.2.jar:/Users/liozelinger/.m2/repository/com/experitest/commons-digester/1.8.1/commons-digester-1.8.1.jar:/Users/liozelinger/.m2/repository/com/experitest/commons-exec/1.3/commons-exec-1.3.jar:/Users/liozelinger/.m2/repository/com/experitest/commons-io/2.4/commons-io-2.4.jar:/Users/liozelinger/.m2/repository/com/experitest/commons-lang3/3.4/commons-lang3-3.4.jar:/Users/liozelinger/.m2/repository/com/experitest/commons-logging/1.2/commons-logging-1.2.jar:/Users/liozelinger/.m2/repository/com/experitest/commons-validator/1.5.1/commons-validator-1.5.1.jar:/Users/liozelinger/.m2/repository/com/experitest/cssparser/0.9.18/cssparser-0.9.18.jar:/Users/liozelinger/.m2/repository/com/experitest/gson/2.7/gson-2.7.jar:/Users/liozelinger/.m2/repository/com/experitest/guava/19.0/guava-19.0.jar:/Users/liozelinger/.m2/repository/com/experitest/hamcrest-core/1.3/hamcrest-core-1.3.jar:/Users/liozelinger/.m2/repository/com/experitest/htmlunit/2.21/htmlunit-2.21.jar:/Users/liozelinger/.m2/repository/com/experitest/htmlunit-core-js/2.17/htmlunit-core-js-2.17.jar:/Users/liozelinger/.m2/repository/com/experitest/htmlunit-driver/2.21/htmlunit-driver-2.21.jar:/Users/liozelinger/.m2/repository/com/experitest/httpclient/4.5.2/httpclient-4.5.2.jar:/Users/liozelinger/.m2/repository/com/experitest/httpcore/4.4.4/httpcore-4.4.4.jar:/Users/liozelinger/.m2/repository/com/experitest/httpmime/4.5.2/httpmime-4.5.2.jar:/Users/liozelinger/.m2/repository/com/experitest/jetty-io/9.2.15.v20160210/jetty-io-9.2.15.v20160210.jar:/Users/liozelinger/.m2/repository/com/experitest/jetty-util/9.2.15.v20160210/jetty-util-9.2.15.v20160210.jar:/Users/liozelinger/.m2/repository/com/experitest/jna/4.1.0/jna-4.1.0.jar:/Users/liozelinger/.m2/repository/com/experitest/jna-platform/4.1.0/jna-platform-4.1.0.jar:/Users/liozelinger/.m2/repository/com/experitest/junit/4.12/junit-4.12.jar:/Users/liozelinger/.m2/repository/com/experitest/neko-htmlunit/2.21/neko-htmlunit-2.21.jar:/Users/liozelinger/.m2/repository/com/experitest/netty/3.5.7.Final/netty-3.5.7.Final.jar:/Users/liozelinger/.m2/repository/com/experitest/sac/1.3/sac-1.3.jar:/Users/liozelinger/.m2/repository/com/experitest/selenium-api/2.53.1/selenium-api-2.53.1.jar:/Users/liozelinger/.m2/repository/com/experitest/selenium-chrome-driver/2.53.1/selenium-chrome-driver-2.53.1.jar:/Users/liozelinger/.m2/repository/com/experitest/selenium-edge-driver/2.53.1/selenium-edge-driver-2.53.1.jar:/Users/liozelinger/.m2/repository/com/experitest/selenium-firefox-driver/2.53.1/selenium-firefox-driver-2.53.1.jar:/Users/liozelinger/.m2/repository/com/experitest/selenium-ie-driver/2.53.1/selenium-ie-driver-2.53.1.jar:/Users/liozelinger/.m2/repository/com/experitest/selenium-java/2.53.1/selenium-java-2.53.1.jar:/Users/liozelinger/.m2/repository/com/experitest/selenium-leg-rc/2.53.1/selenium-leg-rc-2.53.1.jar:/Users/liozelinger/.m2/repository/com/experitest/selenium-remote-driver/2.53.1/selenium-remote-driver-2.53.1.jar:/Users/liozelinger/.m2/repository/com/experitest/selenium-safari-driver/2.53.1/selenium-safari-driver-2.53.1.jar:/Users/liozelinger/.m2/repository/com/experitest/selenium-support/2.53.1/selenium-support-2.53.1.jar:/Users/liozelinger/.m2/repository/com/experitest/serializer/2.7.2/serializer-2.7.2.jar:/Users/liozelinger/.m2/repository/com/experitest/spring-aop/4.3.2.RELEASE/spring-aop-4.3.2.RELEASE.jar:/Users/liozelinger/.m2/repository/com/experitest/spring-beans/4.3.2.RELEASE/spring-beans-4.3.2.RELEASE.jar:/Users/liozelinger/.m2/repository/com/experitest/spring-context/4.3.2.RELEASE/spring-context-4.3.2.RELEASE.jar:/Users/liozelinger/.m2/repository/com/experitest/spring-core/4.3.2.RELEASE/spring-core-4.3.2.RELEASE.jar:/Users/liozelinger/.m2/repository/com/experitest/spring-expression/4.3.2.RELEASE/spring-expression-4.3.2.RELEASE.jar:/Users/liozelinger/.m2/repository/com/experitest/websocket-api/9.2.15.v20160210/websocket-api-9.2.15.v20160210.jar:/Users/liozelinger/.m2/repository/com/experitest/websocket-client/9.2.15.v20160210/websocket-client-9.2.15.v20160210.jar:/Users/liozelinger/.m2/repository/com/experitest/websocket-common/9.2.15.v20160210/websocket-common-9.2.15.v20160210.jar:/Users/liozelinger/.m2/repository/com/experitest/ws-commons-util/1.0.2/ws-commons-util-1.0.2.jar:/Users/liozelinger/.m2/repository/com/experitest/xalan/2.7.2/xalan-2.7.2.jar:/Users/liozelinger/.m2/repository/com/experitest/xercesImpl/2.11.0/xercesImpl-2.11.0.jar:/Users/liozelinger/.m2/repository/com/experitest/xml-apis/1.4.01/xml-apis-1.4.01.jar:/Users/liozelinger/.m2/repository/com/experitest/xmlrpc-client/3.1.2/xmlrpc-client-3.1.2.jar:/Users/liozelinger/.m2/repository/com/experitest/xmlrpc-common/3.1.2/xmlrpc-common-3.1.2.jar:/Users/liozelinger/.m2/repository/io/rest-assured/rest-assured/3.3.0/rest-assured-3.3.0.jar:/Users/liozelinger/.m2/repository/org/codehaus/groovy/groovy/2.4.15/groovy-2.4.15.jar:/Users/liozelinger/.m2/repository/org/codehaus/groovy/groovy-xml/2.4.15/groovy-xml-2.4.15.jar:/Users/liozelinger/.m2/repository/org/apache/httpcomponents/httpclient/4.5.3/httpclient-4.5.3.jar:/Users/liozelinger/.m2/repository/org/apache/httpcomponents/httpcore/4.4.6/httpcore-4.4.6.jar:/Users/liozelinger/.m2/repository/commons-logging/commons-logging/1.2/commons-logging-1.2.jar:/Users/liozelinger/.m2/repository/org/apache/httpcomponents/httpmime/4.5.3/httpmime-4.5.3.jar:/Users/liozelinger/.m2/repository/org/hamcrest/hamcrest-core/1.3/hamcrest-core-1.3.jar:/Users/liozelinger/.m2/repository/org/hamcrest/hamcrest-library/1.3/hamcrest-library-1.3.jar:/Users/liozelinger/.m2/repository/org/ccil/cowan/tagsoup/tagsoup/1.2.1/tagsoup-1.2.1.jar:/Users/liozelinger/.m2/repository/io/rest-assured/json-schema-validator/3.3.0/json-schema-validator-3.3.0.jar:/Users/liozelinger/.m2/repository/com/github/java-json-tools/json-schema-validator/2.2.10/json-schema-validator-2.2.10.jar:/Users/liozelinger/.m2/repository/com/github/java-json-tools/json-schema-core/1.2.10/json-schema-core-1.2.10.jar:/Users/liozelinger/.m2/repository/com/github/java-json-tools/jackson-coreutils/1.9/jackson-coreutils-1.9.jar:/Users/liozelinger/.m2/repository/com/google/guava/guava/16.0.1/guava-16.0.1.jar:/Users/liozelinger/.m2/repository/com/github/fge/msg-simple/1.1/msg-simple-1.1.jar:/Users/liozelinger/.m2/repository/com/github/fge/btf/1.2/btf-1.2.jar:/Users/liozelinger/.m2/repository/com/github/fge/uri-template/0.9/uri-template-0.9.jar:/Users/liozelinger/.m2/repository/org/mozilla/rhino/1.7.7.1/rhino-1.7.7.1.jar:/Users/liozelinger/.m2/repository/javax/mail/mailapi/1.4.3/mailapi-1.4.3.jar:/Users/liozelinger/.m2/repository/joda-time/joda-time/2.9.7/joda-time-2.9.7.jar:/Users/liozelinger/.m2/repository/com/googlecode/libphonenumber/libphonenumber/8.0.0/libphonenumber-8.0.0.jar:/Users/liozelinger/.m2/repository/com/google/code/findbugs/jsr305/3.0.1/jsr305-3.0.1.jar:/Users/liozelinger/.m2/repository/net/sf/jopt-simple/jopt-simple/5.0.3/jopt-simple-5.0.3.jar:/Users/liozelinger/.m2/repository/io/rest-assured/json-path/3.3.0/json-path-3.3.0.jar:/Users/liozelinger/.m2/repository/org/codehaus/groovy/groovy-json/2.4.15/groovy-json-2.4.15.jar:/Users/liozelinger/.m2/repository/io/rest-assured/rest-assured-common/3.3.0/rest-assured-common-3.3.0.jar:/Users/liozelinger/.m2/repository/io/rest-assured/xml-path/3.3.0/xml-path-3.3.0.jar:/Users/liozelinger/.m2/repository/javax/xml/bind/jaxb-api/2.2.12/jaxb-api-2.2.12.jar:/Users/liozelinger/.m2/repository/com/sun/xml/bind/jaxb-osgi/2.2.10/jaxb-osgi-2.2.10.jar:/Users/liozelinger/.m2/repository/org/apache/sling/org.apache.sling.javax.activation/0.1.0/org.apache.sling.javax.activation-0.1.0.jar:/Users/liozelinger/.m2/repository/javax/activation/activation/1.1.1/activation-1.1.1.jar:/Users/liozelinger/.m2/repository/com/googlecode/json-simple/json-simple/1.1.1/json-simple-1.1.1.jar:/Users/liozelinger/.m2/repository/junit/junit/4.10/junit-4.10.jar:/Users/liozelinger/.m2/repository/mysql/mysql-connector-java/8.0.16/mysql-connector-java-8.0.16.jar:/Users/liozelinger/.m2/repository/com/google/protobuf/protobuf-java/3.6.1/protobuf-java-3.6.1.jar:"/>
    <property name="java.vm.vendor" value="Oracle Corporation"/>
    <property name="sun.arch.data.model" value="64"/>
    <property name="java.vendor.url" value="https://openjdk.java.net/"/>
    <property name="os.name" value="Mac OS X"/>
    <property name="java.vm.specification.version" value="15"/>
    <property name="sun.java.launcher" value="SUN_STANDARD"/>
    <property name="user.country" value="IL"/>
    <property name="sun.boot.library.path" value="/usr/local/Cellar/openjdk/15.0.1/libexec/openjdk.jdk/Contents/Home/lib"/>
    <property name="sun.java.command" value="/Users/liozelinger/Documents/Final project/target/surefire/surefirebooter15157136985871826709.jar /Users/liozelinger/Documents/Final project/target/surefire 2021-04-03T22-21-49_717-jvmRun1 surefire14845808014886865937tmp surefire_014399917276703113718tmp"/>
    <property name="http.nonProxyHosts" value="local|*.local|169.254/16|*.169.254/16"/>
    <property name="jdk.debug" value="release"/>
    <property name="surefire.test.class.path" value="/Users/liozelinger/Documents/Final project/target/test-classes:/Users/liozelinger/Documents/Final project/target/classes:/Users/liozelinger/.m2/repository/org/testng/testng/7.0.0/testng-7.0.0.jar:/Users/liozelinger/.m2/repository/com/beust/jcommander/1.72/jcommander-1.72.jar:/Users/liozelinger/.m2/repository/io/github/bonigarcia/webdrivermanager/4.2.2/webdrivermanager-4.2.2.jar:/Users/liozelinger/.m2/repository/org/slf4j/slf4j-api/1.7.30/slf4j-api-1.7.30.jar:/Users/liozelinger/.m2/repository/commons-io/commons-io/2.8.0/commons-io-2.8.0.jar:/Users/liozelinger/.m2/repository/com/google/code/gson/gson/2.8.6/gson-2.8.6.jar:/Users/liozelinger/.m2/repository/org/apache/commons/commons-lang3/3.11/commons-lang3-3.11.jar:/Users/liozelinger/.m2/repository/org/apache/httpcomponents/client5/httpclient5/5.0.1/httpclient5-5.0.1.jar:/Users/liozelinger/.m2/repository/org/apache/httpcomponents/core5/httpcore5/5.0.1/httpcore5-5.0.1.jar:/Users/liozelinger/.m2/repository/org/apache/httpcomponents/core5/httpcore5-h2/5.0.1/httpcore5-h2-5.0.1.jar:/Users/liozelinger/.m2/repository/commons-codec/commons-codec/1.13/commons-codec-1.13.jar:/Users/liozelinger/.m2/repository/org/rauschig/jarchivelib/1.1.0/jarchivelib-1.1.0.jar:/Users/liozelinger/.m2/repository/org/apache/commons/commons-compress/1.20/commons-compress-1.20.jar:/Users/liozelinger/.m2/repository/org/jsoup/jsoup/1.13.1/jsoup-1.13.1.jar:/Users/liozelinger/.m2/repository/io/qameta/allure/allure-testng/2.13.8/allure-testng-2.13.8.jar:/Users/liozelinger/.m2/repository/io/qameta/allure/allure-java-commons/2.13.8/allure-java-commons-2.13.8.jar:/Users/liozelinger/.m2/repository/io/qameta/allure/allure-model/2.13.8/allure-model-2.13.8.jar:/Users/liozelinger/.m2/repository/com/fasterxml/jackson/core/jackson-databind/2.11.3/jackson-databind-2.11.3.jar:/Users/liozelinger/.m2/repository/com/fasterxml/jackson/core/jackson-annotations/2.11.3/jackson-annotations-2.11.3.jar:/Users/liozelinger/.m2/repository/com/fasterxml/jackson/core/jackson-core/2.11.3/jackson-core-2.11.3.jar:/Users/liozelinger/.m2/repository/org/apache/tika/tika-core/1.24.1/tika-core-1.24.1.jar:/Users/liozelinger/.m2/repository/org/jooq/joor-java-8/0.9.13/joor-java-8-0.9.13.jar:/Users/liozelinger/.m2/repository/org/aspectj/aspectjweaver/1.9.2/aspectjweaver-1.9.2.jar:/Users/liozelinger/.m2/repository/sikulix/sikulix-api/2.0.4/sikulix-api-2.0.4.jar:/Users/liozelinger/.m2/repository/com/github/stephenc/monte/monte-screen-recorder/0.7.7.0/monte-screen-recorder-0.7.7.0.jar:/Users/liozelinger/.m2/repository/com/experitest/appium/4.1.2/appium-4.1.2.jar:/Users/liozelinger/.m2/repository/com/experitest/aspectjweaver/1.8.9/aspectjweaver-1.8.9.jar:/Users/liozelinger/.m2/repository/com/experitest/boon/0.33/boon-0.33.jar:/Users/liozelinger/.m2/repository/com/experitest/cglib-nodep/3.2.4/cglib-nodep-3.2.4.jar:/Users/liozelinger/.m2/repository/com/experitest/commons-beanutils/1.9.2/commons-beanutils-1.9.2.jar:/Users/liozelinger/.m2/repository/com/experitest/commons-codec/1.10/commons-codec-1.10.jar:/Users/liozelinger/.m2/repository/com/experitest/commons-collections/3.2.2/commons-collections-3.2.2.jar:/Users/liozelinger/.m2/repository/com/experitest/commons-digester/1.8.1/commons-digester-1.8.1.jar:/Users/liozelinger/.m2/repository/com/experitest/commons-exec/1.3/commons-exec-1.3.jar:/Users/liozelinger/.m2/repository/com/experitest/commons-io/2.4/commons-io-2.4.jar:/Users/liozelinger/.m2/repository/com/experitest/commons-lang3/3.4/commons-lang3-3.4.jar:/Users/liozelinger/.m2/repository/com/experitest/commons-logging/1.2/commons-logging-1.2.jar:/Users/liozelinger/.m2/repository/com/experitest/commons-validator/1.5.1/commons-validator-1.5.1.jar:/Users/liozelinger/.m2/repository/com/experitest/cssparser/0.9.18/cssparser-0.9.18.jar:/Users/liozelinger/.m2/repository/com/experitest/gson/2.7/gson-2.7.jar:/Users/liozelinger/.m2/repository/com/experitest/guava/19.0/guava-19.0.jar:/Users/liozelinger/.m2/repository/com/experitest/hamcrest-core/1.3/hamcrest-core-1.3.jar:/Users/liozelinger/.m2/repository/com/experitest/htmlunit/2.21/htmlunit-2.21.jar:/Users/liozelinger/.m2/repository/com/experitest/htmlunit-core-js/2.17/htmlunit-core-js-2.17.jar:/Users/liozelinger/.m2/repository/com/experitest/htmlunit-driver/2.21/htmlunit-driver-2.21.jar:/Users/liozelinger/.m2/repository/com/experitest/httpclient/4.5.2/httpclient-4.5.2.jar:/Users/liozelinger/.m2/repository/com/experitest/httpcore/4.4.4/httpcore-4.4.4.jar:/Users/liozelinger/.m2/repository/com/experitest/httpmime/4.5.2/httpmime-4.5.2.jar:/Users/liozelinger/.m2/repository/com/experitest/jetty-io/9.2.15.v20160210/jetty-io-9.2.15.v20160210.jar:/Users/liozelinger/.m2/repository/com/experitest/jetty-util/9.2.15.v20160210/jetty-util-9.2.15.v20160210.jar:/Users/liozelinger/.m2/repository/com/experitest/jna/4.1.0/jna-4.1.0.jar:/Users/liozelinger/.m2/repository/com/experitest/jna-platform/4.1.0/jna-platform-4.1.0.jar:/Users/liozelinger/.m2/repository/com/experitest/junit/4.12/junit-4.12.jar:/Users/liozelinger/.m2/repository/com/experitest/neko-htmlunit/2.21/neko-htmlunit-2.21.jar:/Users/liozelinger/.m2/repository/com/experitest/netty/3.5.7.Final/netty-3.5.7.Final.jar:/Users/liozelinger/.m2/repository/com/experitest/sac/1.3/sac-1.3.jar:/Users/liozelinger/.m2/repository/com/experitest/selenium-api/2.53.1/selenium-api-2.53.1.jar:/Users/liozelinger/.m2/repository/com/experitest/selenium-chrome-driver/2.53.1/selenium-chrome-driver-2.53.1.jar:/Users/liozelinger/.m2/repository/com/experitest/selenium-edge-driver/2.53.1/selenium-edge-driver-2.53.1.jar:/Users/liozelinger/.m2/repository/com/experitest/selenium-firefox-driver/2.53.1/selenium-firefox-driver-2.53.1.jar:/Users/liozelinger/.m2/repository/com/experitest/selenium-ie-driver/2.53.1/selenium-ie-driver-2.53.1.jar:/Users/liozelinger/.m2/repository/com/experitest/selenium-java/2.53.1/selenium-java-2.53.1.jar:/Users/liozelinger/.m2/repository/com/experitest/selenium-leg-rc/2.53.1/selenium-leg-rc-2.53.1.jar:/Users/liozelinger/.m2/repository/com/experitest/selenium-remote-driver/2.53.1/selenium-remote-driver-2.53.1.jar:/Users/liozelinger/.m2/repository/com/experitest/selenium-safari-driver/2.53.1/selenium-safari-driver-2.53.1.jar:/Users/liozelinger/.m2/repository/com/experitest/selenium-support/2.53.1/selenium-support-2.53.1.jar:/Users/liozelinger/.m2/repository/com/experitest/serializer/2.7.2/serializer-2.7.2.jar:/Users/liozelinger/.m2/repository/com/experitest/spring-aop/4.3.2.RELEASE/spring-aop-4.3.2.RELEASE.jar:/Users/liozelinger/.m2/repository/com/experitest/spring-beans/4.3.2.RELEASE/spring-beans-4.3.2.RELEASE.jar:/Users/liozelinger/.m2/repository/com/experitest/spring-context/4.3.2.RELEASE/spring-context-4.3.2.RELEASE.jar:/Users/liozelinger/.m2/repository/com/experitest/spring-core/4.3.2.RELEASE/spring-core-4.3.2.RELEASE.jar:/Users/liozelinger/.m2/repository/com/experitest/spring-expression/4.3.2.RELEASE/spring-expression-4.3.2.RELEASE.jar:/Users/liozelinger/.m2/repository/com/experitest/websocket-api/9.2.15.v20160210/websocket-api-9.2.15.v20160210.jar:/Users/liozelinger/.m2/repository/com/experitest/websocket-client/9.2.15.v20160210/websocket-client-9.2.15.v20160210.jar:/Users/liozelinger/.m2/repository/com/experitest/websocket-common/9.2.15.v20160210/websocket-common-9.2.15.v20160210.jar:/Users/liozelinger/.m2/repository/com/experitest/ws-commons-util/1.0.2/ws-commons-util-1.0.2.jar:/Users/liozelinger/.m2/repository/com/experitest/xalan/2.7.2/xalan-2.7.2.jar:/Users/liozelinger/.m2/repository/com/experitest/xercesImpl/2.11.0/xercesImpl-2.11.0.jar:/Users/liozelinger/.m2/repository/com/experitest/xml-apis/1.4.01/xml-apis-1.4.01.jar:/Users/liozelinger/.m2/repository/com/experitest/xmlrpc-client/3.1.2/xmlrpc-client-3.1.2.jar:/Users/liozelinger/.m2/repository/com/experitest/xmlrpc-common/3.1.2/xmlrpc-common-3.1.2.jar:/Users/liozelinger/.m2/repository/io/rest-assured/rest-assured/3.3.0/rest-assured-3.3.0.jar:/Users/liozelinger/.m2/repository/org/codehaus/groovy/groovy/2.4.15/groovy-2.4.15.jar:/Users/liozelinger/.m2/repository/org/codehaus/groovy/groovy-xml/2.4.15/groovy-xml-2.4.15.jar:/Users/liozelinger/.m2/repository/org/apache/httpcomponents/httpclient/4.5.3/httpclient-4.5.3.jar:/Users/liozelinger/.m2/repository/org/apache/httpcomponents/httpcore/4.4.6/httpcore-4.4.6.jar:/Users/liozelinger/.m2/repository/commons-logging/commons-logging/1.2/commons-logging-1.2.jar:/Users/liozelinger/.m2/repository/org/apache/httpcomponents/httpmime/4.5.3/httpmime-4.5.3.jar:/Users/liozelinger/.m2/repository/org/hamcrest/hamcrest-core/1.3/hamcrest-core-1.3.jar:/Users/liozelinger/.m2/repository/org/hamcrest/hamcrest-library/1.3/hamcrest-library-1.3.jar:/Users/liozelinger/.m2/repository/org/ccil/cowan/tagsoup/tagsoup/1.2.1/tagsoup-1.2.1.jar:/Users/liozelinger/.m2/repository/io/rest-assured/json-schema-validator/3.3.0/json-schema-validator-3.3.0.jar:/Users/liozelinger/.m2/repository/com/github/java-json-tools/json-schema-validator/2.2.10/json-schema-validator-2.2.10.jar:/Users/liozelinger/.m2/repository/com/github/java-json-tools/json-schema-core/1.2.10/json-schema-core-1.2.10.jar:/Users/liozelinger/.m2/repository/com/github/java-json-tools/jackson-coreutils/1.9/jackson-coreutils-1.9.jar:/Users/liozelinger/.m2/repository/com/google/guava/guava/16.0.1/guava-16.0.1.jar:/Users/liozelinger/.m2/repository/com/github/fge/msg-simple/1.1/msg-simple-1.1.jar:/Users/liozelinger/.m2/repository/com/github/fge/btf/1.2/btf-1.2.jar:/Users/liozelinger/.m2/repository/com/github/fge/uri-template/0.9/uri-template-0.9.jar:/Users/liozelinger/.m2/repository/org/mozilla/rhino/1.7.7.1/rhino-1.7.7.1.jar:/Users/liozelinger/.m2/repository/javax/mail/mailapi/1.4.3/mailapi-1.4.3.jar:/Users/liozelinger/.m2/repository/joda-time/joda-time/2.9.7/joda-time-2.9.7.jar:/Users/liozelinger/.m2/repository/com/googlecode/libphonenumber/libphonenumber/8.0.0/libphonenumber-8.0.0.jar:/Users/liozelinger/.m2/repository/com/google/code/findbugs/jsr305/3.0.1/jsr305-3.0.1.jar:/Users/liozelinger/.m2/repository/net/sf/jopt-simple/jopt-simple/5.0.3/jopt-simple-5.0.3.jar:/Users/liozelinger/.m2/repository/io/rest-assured/json-path/3.3.0/json-path-3.3.0.jar:/Users/liozelinger/.m2/repository/org/codehaus/groovy/groovy-json/2.4.15/groovy-json-2.4.15.jar:/Users/liozelinger/.m2/repository/io/rest-assured/rest-assured-common/3.3.0/rest-assured-common-3.3.0.jar:/Users/liozelinger/.m2/repository/io/rest-assured/xml-path/3.3.0/xml-path-3.3.0.jar:/Users/liozelinger/.m2/repository/javax/xml/bind/jaxb-api/2.2.12/jaxb-api-2.2.12.jar:/Users/liozelinger/.m2/repository/com/sun/xml/bind/jaxb-osgi/2.2.10/jaxb-osgi-2.2.10.jar:/Users/liozelinger/.m2/repository/org/apache/sling/org.apache.sling.javax.activation/0.1.0/org.apache.sling.javax.activation-0.1.0.jar:/Users/liozelinger/.m2/repository/javax/activation/activation/1.1.1/activation-1.1.1.jar:/Users/liozelinger/.m2/repository/com/googlecode/json-simple/json-simple/1.1.1/json-simple-1.1.1.jar:/Users/liozelinger/.m2/repository/junit/junit/4.10/junit-4.10.jar:/Users/liozelinger/.m2/repository/mysql/mysql-connector-java/8.0.16/mysql-connector-java-8.0.16.jar:/Users/liozelinger/.m2/repository/com/google/protobuf/protobuf-java/3.6.1/protobuf-java-3.6.1.jar:"/>
    <property name="sun.cpu.endian" value="little"/>
    <property name="user.home" value="/Users/liozelinger"/>
    <property name="user.language" value="en"/>
    <property name="java.specification.vendor" value="Oracle Corporation"/>
    <property name="java.version.date" value="2020-10-20"/>
    <property name="java.home" value="/usr/local/Cellar/openjdk/15.0.1/libexec/openjdk.jdk/Contents/Home"/>
    <property name="file.separator" value="/"/>
    <property name="basedir" value="/Users/liozelinger/Documents/Final project"/>
    <property name="java.vm.compressedOopsMode" value="Zero based"/>
    <property name="line.separator" value="&#10;"/>
    <property name="java.specification.name" value="Java Platform API Specification"/>
    <property name="java.vm.specification.vendor" value="Oracle Corporation"/>
    <property name="surefire.real.class.path" value="/Users/liozelinger/Documents/Final project/target/surefire/surefirebooter15157136985871826709.jar"/>
    <property name="sun.management.compiler" value="HotSpot 64-Bit Tiered Compilers"/>
    <property name="ftp.nonProxyHosts" value="local|*.local|169.254/16|*.169.254/16"/>
    <property name="java.runtime.version" value="15.0.1+9"/>
    <property name="user.name" value="liozelinger"/>
    <property name="path.separator" value=":"/>
    <property name="os.version" value="11.1"/>
    <property name="java.runtime.name" value="OpenJDK Runtime Environment"/>
    <property name="file.encoding" value="UTF-8"/>
    <property name="java.vm.name" value="OpenJDK 64-Bit Server VM"/>
    <property name="localRepository" value="/Users/liozelinger/.m2/repository"/>
    <property name="java.vendor.url.bug" value="https://bugreport.java.com/bugreport/"/>
    <property name="java.io.tmpdir" value="/var/folders/0h/fvvv7dbs2ss7qzm_vtv96q500000gn/T/"/>
    <property name="java.version" value="15.0.1"/>
    <property name="user.dir" value="/Users/liozelinger/Documents/Final project"/>
    <property name="os.arch" value="x86_64"/>
    <property name="java.vm.specification.name" value="Java Virtual Machine Specification"/>
    <property name="java.library.path" value="/Users/liozelinger/Library/Java/Extensions:/Library/Java/Extensions:/Network/Library/Java/Extensions:/System/Library/Java/Extensions:/usr/lib/java:."/>
    <property name="java.vm.info" value="mixed mode, sharing"/>
    <property name="java.vendor" value="N/A"/>
    <property name="java.vm.version" value="15.0.1+9"/>
    <property name="sun.io.unicode.encoding" value="UnicodeBig"/>
    <property name="socksNonProxyHosts" value="local|*.local|169.254/16|*.169.254/16"/>
    <property name="java.class.version" value="59.0"/>
  </properties>
  <testcase name="test04_verifyNumberOfItems" classname="sanity.SwagLabsWebProducts" time="0.114"/>
  <testcase name="test05_verifyAddedItem" classname="sanity.SwagLabsWebProducts" time="0.275"/>
  <testcase name="test06_VerifyChangeSort" classname="sanity.SwagLabsWebProducts" time="0.271"/>
  <testcase name="test06_VerifyPricesAndCompleteOrder" classname="sanity.SwagLabsWebProducts" time="1.987"/>
  <testcase name="test07_VerifyNumberOfMenuItems" classname="sanity.SwagLabsWebProducts" time="0.77"/>
  <testcase name="test07_VerifyWebLogo" classname="sanity.SwagLabsWebProducts" time="16.362">
    <failure message="Error comparing image file: FindFailed: /Users/liozelinger/Documents/Final project/ImageRepository/SwagLabsLogo.png: (210x44) in R[0,0 2048x1152]@S(0)&#10;  Line 2287, in file Region.java&#10;" type="java.lang.AssertionError">java.lang.AssertionError: 
Error comparing image file: FindFailed: /Users/liozelinger/Documents/Final project/ImageRepository/SwagLabsLogo.png: (210x44) in R[0,0 2048x1152]@S(0)
  Line 2287, in file Region.java

	at sanity.SwagLabsWebProducts.test07_VerifyWebLogo(SwagLabsWebProducts.java:69)
</failure>
    <system-out><![CDATA[file is now created
Error comparing image file: FindFailed: /Users/liozelinger/Documents/Final project/ImageRepository/SwagLabsLogo.png: (210x44) in R[0,0 2048x1152]@S(0)
  Line 2287, in file Region.java

]]></system-out>
  </testcase>
</testsuite>