<?xml version="1.0" encoding="UTF-8"?>
<!-- Generated by org.testng.reporters.JUnitReportReporter -->
<testsuite skipped="0" hostname="Liozs-MacBook-Air.local" name="sanity.TodoListElectron" tests="3" failures="0" timestamp="2021-04-02T20:16:24 IDT" time="16.969" errors="0">
  <testcase name="test01_addAndVerifyNewTask" time="2.554" classname="sanity.TodoListElectron"/>
  <testcase name="test03_addAndFilterNewTasks" time="7.551" classname="sanity.TodoListElectron"/>
  <testcase name="test02_addAndVerifyNewTasks" time="6.864" classname="sanity.TodoListElectron"/>
</testsuite> <!-- sanity.TodoListElectron -->
