<?xml version="1.0" encoding="UTF-8"?>
<!-- Generated by org.testng.reporters.JUnitReportReporter -->
<testsuite skipped="0" hostname="Liozs-MacBook-Air.local" name="sanity.swagLabsDB" tests="1" failures="0" timestamp="2021-04-02T20:17:08 IDT" time="1.684" errors="0">
  <testcase name="test01_loginDBAndVerifyHeader" time="1.684" classname="sanity.swagLabsDB"/>
</testsuite> <!-- sanity.swagLabsDB -->
