<?xml version="1.0" encoding="UTF-8"?>
<!-- Generated by org.testng.reporters.JUnitReportReporter -->
<testsuite skipped="0" hostname="Liozs-MacBook-Air.local" name="sanity.StudentAPI" tests="4" failures="0" timestamp="2021-04-02T20:16:45 IDT" time="4.658" errors="0">
  <testcase name="test01_addStudentAndVerify" time="4.225" classname="sanity.StudentAPI"/>
  <testcase name="test04_deleteStudent" time="0.111" classname="sanity.StudentAPI"/>
  <testcase name="test02_verifyFirstName" time="0.090" classname="sanity.StudentAPI"/>
  <testcase name="test03_updateStudentDetails" time="0.232" classname="sanity.StudentAPI"/>
</testsuite> <!-- sanity.StudentAPI -->
