<?xml version="1.0" encoding="UTF-8"?>
<!-- Generated by org.testng.reporters.JUnitReportReporter -->
<testsuite skipped="0" hostname="Liozs-MacBook-Air.local" name="sanity.SwagLabsWebLogin" tests="5" failures="0" timestamp="2021-04-03T19:27:08 IDT" time="10.762" errors="0">
  <testcase name="test02_VerifyMultipleLogins" time="0.697" classname="sanity.SwagLabsWebLogin"/>
  <testcase name="test02_VerifyMultipleLogins" time="1.156" classname="sanity.SwagLabsWebLogin"/>
  <testcase name="test01_verifyHeader" time="1.597" classname="sanity.SwagLabsWebLogin"/>
  <testcase name="test02_VerifyMultipleLogins" time="6.462" classname="sanity.SwagLabsWebLogin"/>
  <testcase name="test02_VerifyMultipleLogins" time="0.850" classname="sanity.SwagLabsWebLogin"/>
</testsuite> <!-- sanity.SwagLabsWebLogin -->
