<?xml version="1.0" encoding="UTF-8"?>
<!-- Generated by org.testng.reporters.JUnitReportReporter -->
<testsuite skipped="0" hostname="Liozs-MacBook-Air.local" name="sanity.SwagLabsMobile" tests="3" failures="0" timestamp="2021-04-02T20:15:49 IDT" time="49.604" errors="0">
  <testcase name="test01_verifyHeader" time="15.766" classname="sanity.SwagLabsMobile"/>
  <testcase name="test03_verifyRemovedItem" time="20.236" classname="sanity.SwagLabsMobile"/>
  <testcase name="test02_verifyAddedItem" time="13.602" classname="sanity.SwagLabsMobile"/>
</testsuite> <!-- sanity.SwagLabsMobile -->
